app/build/intermediates/manifest_merge_blame_file/debug/processDebugMainManifest/manifest-merger-blame-debug-report.txt
1<?xml version="1.0" encoding="utf-8"?>
2<manifest xmlns:android="http://schemas.android.com/apk/res/android"
3    package="com.scanwise.app"
4    android:versionCode="1"
5    android:versionName="1.0" >
6
7    <uses-sdk
8        android:minSdkVersion="21"
9        android:targetSdkVersion="34" />
10
11    <uses-permission android:name="android.permission.CAMERA" />
11-->src\main\AndroidManifest.xml:4:5-65
11-->src\main\AndroidManifest.xml:4:22-62
12    <uses-permission android:name="android.permission.INTERNET" />
12-->src\main\AndroidManifest.xml:5:5-67
12-->src\main\AndroidManifest.xml:5:22-64
13    <uses-permission android:name="android.permission.VIBRATE" />
13-->src\main\AndroidManifest.xml:6:5-66
13-->src\main\AndroidManifest.xml:6:22-63
14
15    <uses-feature
15-->src\main\AndroidManifest.xml:7:5-84
16        android:name="android.hardware.camera"
16-->src\main\AndroidManifest.xml:7:19-57
17        android:required="true" />
17-->src\main\AndroidManifest.xml:7:58-81
18    <uses-feature
18-->src\main\AndroidManifest.xml:8:5-95
19        android:name="android.hardware.camera.autofocus"
19-->src\main\AndroidManifest.xml:8:19-67
20        android:required="false" />
20-->src\main\AndroidManifest.xml:8:68-92
21
22    <permission
22-->[androidx.core:core:1.13.1] AndroidManifest.xml:22:5-24:47
23        android:name="com.scanwise.app.DYNAMIC_RECEIVER_NOT_EXPORTED_PERMISSION"
23-->[androidx.core:core:1.13.1] AndroidManifest.xml:23:9-81
24        android:protectionLevel="signature" />
24-->[androidx.core:core:1.13.1] AndroidManifest.xml:24:9-44
25
26    <uses-permission android:name="com.scanwise.app.DYNAMIC_RECEIVER_NOT_EXPORTED_PERMISSION" /> <!-- Although the *SdkVersion is captured in gradle build files, this is required for non gradle builds -->
26-->[androidx.core:core:1.13.1] AndroidManifest.xml:26:5-97
26-->[androidx.core:core:1.13.1] AndroidManifest.xml:26:22-94
27    <!-- <uses-sdk android:minSdkVersion="14"/> -->
28    <uses-permission android:name="android.permission.ACCESS_NETWORK_STATE" />
28-->[com.google.android.datatransport:transport-backend-cct:2.3.3] AndroidManifest.xml:25:5-79
28-->[com.google.android.datatransport:transport-backend-cct:2.3.3] AndroidManifest.xml:25:22-76
29
30    <application
30-->src\main\AndroidManifest.xml:10:5-27:19
31        android:name="com.scanwise.app.ScanWiseApp"
31-->src\main\AndroidManifest.xml:11:9-36
32        android:allowBackup="true"
32-->src\main\AndroidManifest.xml:12:9-35
33        android:appComponentFactory="androidx.core.app.CoreComponentFactory"
33-->[androidx.core:core:1.13.1] AndroidManifest.xml:28:18-86
34        android:debuggable="true"
35        android:extractNativeLibs="true"
36        android:icon="@mipmap/ic_launcher"
36-->src\main\AndroidManifest.xml:13:9-43
37        android:label="@string/app_name"
37-->src\main\AndroidManifest.xml:14:9-41
38        android:supportsRtl="true"
38-->src\main\AndroidManifest.xml:15:9-35
39        android:testOnly="true"
40        android:theme="@style/Theme.ScanWise" >
40-->src\main\AndroidManifest.xml:16:9-46
41        <activity
41-->src\main\AndroidManifest.xml:18:9-26:20
42            android:name="com.scanwise.app.MainActivity"
42-->src\main\AndroidManifest.xml:19:13-41
43            android:exported="true"
43-->src\main\AndroidManifest.xml:20:13-36
44            android:theme="@style/Theme.ScanWise" >
44-->src\main\AndroidManifest.xml:21:13-50
45            <intent-filter>
45-->src\main\AndroidManifest.xml:22:13-25:29
46                <action android:name="android.intent.action.MAIN" />
46-->src\main\AndroidManifest.xml:23:17-69
46-->src\main\AndroidManifest.xml:23:25-66
47
48                <category android:name="android.intent.category.LAUNCHER" />
48-->src\main\AndroidManifest.xml:24:17-77
48-->src\main\AndroidManifest.xml:24:27-74
49            </intent-filter>
50        </activity>
51
52        <service
52-->[androidx.camera:camera-camera2:1.3.4] AndroidManifest.xml:24:9-33:19
53            android:name="androidx.camera.core.impl.MetadataHolderService"
53-->[androidx.camera:camera-camera2:1.3.4] AndroidManifest.xml:25:13-75
54            android:enabled="false"
54-->[androidx.camera:camera-camera2:1.3.4] AndroidManifest.xml:26:13-36
55            android:exported="false" >
55-->[androidx.camera:camera-camera2:1.3.4] AndroidManifest.xml:27:13-37
56            <meta-data
56-->[androidx.camera:camera-camera2:1.3.4] AndroidManifest.xml:30:13-32:89
57                android:name="androidx.camera.core.impl.MetadataHolderService.DEFAULT_CONFIG_PROVIDER"
57-->[androidx.camera:camera-camera2:1.3.4] AndroidManifest.xml:31:17-103
58                android:value="androidx.camera.camera2.Camera2Config$DefaultProvider" />
58-->[androidx.camera:camera-camera2:1.3.4] AndroidManifest.xml:32:17-86
59        </service>
60        <service
60-->[com.google.android.gms:play-services-mlkit-barcode-scanning:18.3.1] AndroidManifest.xml:9:9-15:19
61            android:name="com.google.mlkit.common.internal.MlKitComponentDiscoveryService"
61-->[com.google.android.gms:play-services-mlkit-barcode-scanning:18.3.1] AndroidManifest.xml:10:13-91
62            android:directBootAware="true"
62-->[com.google.mlkit:common:18.11.0] AndroidManifest.xml:17:13-43
63            android:exported="false" >
63-->[com.google.android.gms:play-services-mlkit-barcode-scanning:18.3.1] AndroidManifest.xml:11:13-37
64            <meta-data
64-->[com.google.android.gms:play-services-mlkit-barcode-scanning:18.3.1] AndroidManifest.xml:12:13-14:85
65                android:name="com.google.firebase.components:com.google.mlkit.vision.barcode.internal.BarcodeRegistrar"
65-->[com.google.android.gms:play-services-mlkit-barcode-scanning:18.3.1] AndroidManifest.xml:13:17-120
66                android:value="com.google.firebase.components.ComponentRegistrar" />
66-->[com.google.android.gms:play-services-mlkit-barcode-scanning:18.3.1] AndroidManifest.xml:14:17-82
67            <meta-data
67-->[com.google.mlkit:vision-common:17.3.0] AndroidManifest.xml:12:13-14:85
68                android:name="com.google.firebase.components:com.google.mlkit.vision.common.internal.VisionCommonRegistrar"
68-->[com.google.mlkit:vision-common:17.3.0] AndroidManifest.xml:13:17-124
69                android:value="com.google.firebase.components.ComponentRegistrar" />
69-->[com.google.mlkit:vision-common:17.3.0] AndroidManifest.xml:14:17-82
70            <meta-data
70-->[com.google.mlkit:common:18.11.0] AndroidManifest.xml:20:13-22:85
71                android:name="com.google.firebase.components:com.google.mlkit.common.internal.CommonComponentRegistrar"
71-->[com.google.mlkit:common:18.11.0] AndroidManifest.xml:21:17-120
72                android:value="com.google.firebase.components.ComponentRegistrar" />
72-->[com.google.mlkit:common:18.11.0] AndroidManifest.xml:22:17-82
73        </service>
74
75        <provider
75-->[com.google.mlkit:common:18.11.0] AndroidManifest.xml:9:9-13:38
76            android:name="com.google.mlkit.common.internal.MlKitInitProvider"
76-->[com.google.mlkit:common:18.11.0] AndroidManifest.xml:10:13-78
77            android:authorities="com.scanwise.app.mlkitinitprovider"
77-->[com.google.mlkit:common:18.11.0] AndroidManifest.xml:11:13-69
78            android:exported="false"
78-->[com.google.mlkit:common:18.11.0] AndroidManifest.xml:12:13-37
79            android:initOrder="99" />
79-->[com.google.mlkit:common:18.11.0] AndroidManifest.xml:13:13-35
80
81        <activity
81-->[com.google.android.gms:play-services-base:18.5.0] AndroidManifest.xml:5:9-173
82            android:name="com.google.android.gms.common.api.GoogleApiActivity"
82-->[com.google.android.gms:play-services-base:18.5.0] AndroidManifest.xml:5:19-85
83            android:exported="false"
83-->[com.google.android.gms:play-services-base:18.5.0] AndroidManifest.xml:5:146-170
84            android:theme="@android:style/Theme.Translucent.NoTitleBar" />
84-->[com.google.android.gms:play-services-base:18.5.0] AndroidManifest.xml:5:86-145
85
86        <meta-data
86-->[com.google.android.gms:play-services-basement:18.4.0] AndroidManifest.xml:6:9-122
87            android:name="com.google.android.gms.version"
87-->[com.google.android.gms:play-services-basement:18.4.0] AndroidManifest.xml:6:20-65
88            android:value="@integer/google_play_services_version" />
88-->[com.google.android.gms:play-services-basement:18.4.0] AndroidManifest.xml:6:66-119
89
90        <activity
90-->[androidx.compose.ui:ui-test-manifest:1.6.8] AndroidManifest.xml:23:9-25:39
91            android:name="androidx.activity.ComponentActivity"
91-->[androidx.compose.ui:ui-test-manifest:1.6.8] AndroidManifest.xml:24:13-63
92            android:exported="true" />
92-->[androidx.compose.ui:ui-test-manifest:1.6.8] AndroidManifest.xml:25:13-36
93        <activity
93-->[androidx.compose.ui:ui-tooling-android:1.6.8] AndroidManifest.xml:23:9-25:39
94            android:name="androidx.compose.ui.tooling.PreviewActivity"
94-->[androidx.compose.ui:ui-tooling-android:1.6.8] AndroidManifest.xml:24:13-71
95            android:exported="true" />
95-->[androidx.compose.ui:ui-tooling-android:1.6.8] AndroidManifest.xml:25:13-36
96
97        <provider
97-->[androidx.emoji2:emoji2:1.3.0] AndroidManifest.xml:24:9-32:20
98            android:name="androidx.startup.InitializationProvider"
98-->[androidx.emoji2:emoji2:1.3.0] AndroidManifest.xml:25:13-67
99            android:authorities="com.scanwise.app.androidx-startup"
99-->[androidx.emoji2:emoji2:1.3.0] AndroidManifest.xml:26:13-68
100            android:exported="false" >
100-->[androidx.emoji2:emoji2:1.3.0] AndroidManifest.xml:27:13-37
101            <meta-data
101-->[androidx.emoji2:emoji2:1.3.0] AndroidManifest.xml:29:13-31:52
102                android:name="androidx.emoji2.text.EmojiCompatInitializer"
102-->[androidx.emoji2:emoji2:1.3.0] AndroidManifest.xml:30:17-75
103                android:value="androidx.startup" />
103-->[androidx.emoji2:emoji2:1.3.0] AndroidManifest.xml:31:17-49
104            <meta-data
104-->[androidx.lifecycle:lifecycle-process:2.8.1] AndroidManifest.xml:29:13-31:52
105                android:name="androidx.lifecycle.ProcessLifecycleInitializer"
105-->[androidx.lifecycle:lifecycle-process:2.8.1] AndroidManifest.xml:30:17-78
106                android:value="androidx.startup" />
106-->[androidx.lifecycle:lifecycle-process:2.8.1] AndroidManifest.xml:31:17-49
107            <meta-data
107-->[androidx.profileinstaller:profileinstaller:1.3.1] AndroidManifest.xml:29:13-31:52
108                android:name="androidx.profileinstaller.ProfileInstallerInitializer"
108-->[androidx.profileinstaller:profileinstaller:1.3.1] AndroidManifest.xml:30:17-85
109                android:value="androidx.startup" />
109-->[androidx.profileinstaller:profileinstaller:1.3.1] AndroidManifest.xml:31:17-49
110        </provider>
111
112        <service
112-->[androidx.room:room-runtime:2.6.1] AndroidManifest.xml:24:9-28:63
113            android:name="androidx.room.MultiInstanceInvalidationService"
113-->[androidx.room:room-runtime:2.6.1] AndroidManifest.xml:25:13-74
114            android:directBootAware="true"
114-->[androidx.room:room-runtime:2.6.1] AndroidManifest.xml:26:13-43
115            android:exported="false" />
115-->[androidx.room:room-runtime:2.6.1] AndroidManifest.xml:27:13-37
116        <service
116-->[com.google.android.datatransport:transport-backend-cct:2.3.3] AndroidManifest.xml:29:9-35:19
117            android:name="com.google.android.datatransport.runtime.backends.TransportBackendDiscovery"
117-->[com.google.android.datatransport:transport-backend-cct:2.3.3] AndroidManifest.xml:30:13-103
118            android:exported="false" >
118-->[com.google.android.datatransport:transport-backend-cct:2.3.3] AndroidManifest.xml:31:13-37
119            <meta-data
119-->[com.google.android.datatransport:transport-backend-cct:2.3.3] AndroidManifest.xml:32:13-34:39
120                android:name="backend:com.google.android.datatransport.cct.CctBackendFactory"
120-->[com.google.android.datatransport:transport-backend-cct:2.3.3] AndroidManifest.xml:33:17-94
121                android:value="cct" />
121-->[com.google.android.datatransport:transport-backend-cct:2.3.3] AndroidManifest.xml:34:17-36
122        </service>
123        <service
123-->[com.google.android.datatransport:transport-runtime:2.2.6] AndroidManifest.xml:26:9-30:19
124            android:name="com.google.android.datatransport.runtime.scheduling.jobscheduling.JobInfoSchedulerService"
124-->[com.google.android.datatransport:transport-runtime:2.2.6] AndroidManifest.xml:27:13-117
125            android:exported="false"
125-->[com.google.android.datatransport:transport-runtime:2.2.6] AndroidManifest.xml:28:13-37
126            android:permission="android.permission.BIND_JOB_SERVICE" >
126-->[com.google.android.datatransport:transport-runtime:2.2.6] AndroidManifest.xml:29:13-69
127        </service>
128
129        <receiver
129-->[com.google.android.datatransport:transport-runtime:2.2.6] AndroidManifest.xml:32:9-34:40
130            android:name="com.google.android.datatransport.runtime.scheduling.jobscheduling.AlarmManagerSchedulerBroadcastReceiver"
130-->[com.google.android.datatransport:transport-runtime:2.2.6] AndroidManifest.xml:33:13-132
131            android:exported="false" />
131-->[com.google.android.datatransport:transport-runtime:2.2.6] AndroidManifest.xml:34:13-37
132        <receiver
132-->[androidx.profileinstaller:profileinstaller:1.3.1] AndroidManifest.xml:34:9-52:20
133            android:name="androidx.profileinstaller.ProfileInstallReceiver"
133-->[androidx.profileinstaller:profileinstaller:1.3.1] AndroidManifest.xml:35:13-76
134            android:directBootAware="false"
134-->[androidx.profileinstaller:profileinstaller:1.3.1] AndroidManifest.xml:36:13-44
135            android:enabled="true"
135-->[androidx.profileinstaller:profileinstaller:1.3.1] AndroidManifest.xml:37:13-35
136            android:exported="true"
136-->[androidx.profileinstaller:profileinstaller:1.3.1] AndroidManifest.xml:38:13-36
137            android:permission="android.permission.DUMP" >
137-->[androidx.profileinstaller:profileinstaller:1.3.1] AndroidManifest.xml:39:13-57
138            <intent-filter>
138-->[androidx.profileinstaller:profileinstaller:1.3.1] AndroidManifest.xml:40:13-42:29
139                <action android:name="androidx.profileinstaller.action.INSTALL_PROFILE" />
139-->[androidx.profileinstaller:profileinstaller:1.3.1] AndroidManifest.xml:41:17-91
139-->[androidx.profileinstaller:profileinstaller:1.3.1] AndroidManifest.xml:41:25-88
140            </intent-filter>
141            <intent-filter>
141-->[androidx.profileinstaller:profileinstaller:1.3.1] AndroidManifest.xml:43:13-45:29
142                <action android:name="androidx.profileinstaller.action.SKIP_FILE" />
142-->[androidx.profileinstaller:profileinstaller:1.3.1] AndroidManifest.xml:44:17-85
142-->[androidx.profileinstaller:profileinstaller:1.3.1] AndroidManifest.xml:44:25-82
143            </intent-filter>
144            <intent-filter>
144-->[androidx.profileinstaller:profileinstaller:1.3.1] AndroidManifest.xml:46:13-48:29
145                <action android:name="androidx.profileinstaller.action.SAVE_PROFILE" />
145-->[androidx.profileinstaller:profileinstaller:1.3.1] AndroidManifest.xml:47:17-88
145-->[androidx.profileinstaller:profileinstaller:1.3.1] AndroidManifest.xml:47:25-85
146            </intent-filter>
147            <intent-filter>
147-->[androidx.profileinstaller:profileinstaller:1.3.1] AndroidManifest.xml:49:13-51:29
148                <action android:name="androidx.profileinstaller.action.BENCHMARK_OPERATION" />
148-->[androidx.profileinstaller:profileinstaller:1.3.1] AndroidManifest.xml:50:17-95
148-->[androidx.profileinstaller:profileinstaller:1.3.1] AndroidManifest.xml:50:25-92
149            </intent-filter>
150        </receiver>
151    </application>
152
153</manifest>